[debug] [2022-08-03T12:20:06.718Z] ----------------------------------------------------------------------
[debug] [2022-08-03T12:20:06.719Z] Command:       C:\Program Files\nodejs\node.exe C:\Users\ronyr\AppData\Roaming\npm\node_modules\firebase-tools\lib\bin\firebase.js emulators:start
[debug] [2022-08-03T12:20:06.720Z] CLI Version:   11.4.0
[debug] [2022-08-03T12:20:06.720Z] Platform:      win32
[debug] [2022-08-03T12:20:06.720Z] Node Version:  v16.15.1
[debug] [2022-08-03T12:20:06.726Z] Time:          Wed Aug 03 2022 18:20:06 GMT+0600 (Bangladesh Standard Time)
[debug] [2022-08-03T12:20:06.727Z] ----------------------------------------------------------------------
[debug] 
[debug] [2022-08-03T12:20:06.790Z] > command requires scopes: ["email","openid","https://www.googleapis.com/auth/cloudplatformprojects.readonly","https://www.googleapis.com/auth/firebase","https://www.googleapis.com/auth/cloud-platform"]
[debug] [2022-08-03T12:20:06.791Z] > authorizing via signed-in user (ronnie11038@gmail.com)
[info] i  emulators: Starting emulators: functions, hosting {"metadata":{"emulator":{"name":"hub"},"message":"Starting emulators: functions, hosting"}}
[debug] [2022-08-03T12:20:06.833Z] [hub] writing locator at C:\Users\ronyr\AppData\Local\Temp\hub-clone-7f4ba.json
[warn] !  functions: The following emulators are not running, calls to these services from the Functions emulator will affect production: auth, firestore, database, pubsub, storage {"metadata":{"emulator":{"name":"functions"},"message":"The following emulators are not running, calls to these services from the Functions emulator will affect production: \u001b[1mauth, firestore, database, pubsub, storage\u001b[22m"}}
[info] +  functions: Using node@16 from host. {"metadata":{"emulator":{"name":"functions"},"message":"Using node@16 from host."}}
[debug] [2022-08-03T12:20:06.865Z] defaultcredentials: writing to file C:\Users\ronyr\AppData\Roaming\firebase\ronnie11038_gmail_com_application_default_credentials.json
[debug] [2022-08-03T12:20:06.873Z] Setting GAC to C:\Users\ronyr\AppData\Roaming\firebase\ronnie11038_gmail_com_application_default_credentials.json {"metadata":{"emulator":{"name":"functions"},"message":"Setting GAC to C:\\Users\\ronyr\\AppData\\Roaming\\firebase\\ronnie11038_gmail_com_application_default_credentials.json"}}
[debug] [2022-08-03T12:20:06.875Z] > refreshing access token with scopes: []
[debug] [2022-08-03T12:20:06.876Z] >>> [apiv2][query] POST https://www.googleapis.com/oauth2/v3/token [none]
[debug] [2022-08-03T12:20:06.876Z] >>> [apiv2][body] POST https://www.googleapis.com/oauth2/v3/token [omitted]
[debug] [2022-08-03T12:20:07.109Z] <<< [apiv2][status] POST https://www.googleapis.com/oauth2/v3/token 200
[debug] [2022-08-03T12:20:07.110Z] <<< [apiv2][body] POST https://www.googleapis.com/oauth2/v3/token [omitted]
[debug] [2022-08-03T12:20:07.136Z] >>> [apiv2][query] GET https://firebase.googleapis.com/v1beta1/projects/clone-7f4ba/adminSdkConfig [none]
[debug] [2022-08-03T12:20:07.806Z] <<< [apiv2][status] GET https://firebase.googleapis.com/v1beta1/projects/clone-7f4ba/adminSdkConfig 200
[debug] [2022-08-03T12:20:07.806Z] <<< [apiv2][body] GET https://firebase.googleapis.com/v1beta1/projects/clone-7f4ba/adminSdkConfig {"projectId":"clone-7f4ba","storageBucket":"clone-7f4ba.appspot.com","locationId":"us-central"}
[debug] [2022-08-03T12:20:07.817Z] >>> [apiv2][query] GET https://firebasehosting.googleapis.com/v1beta1/projects/clone-7f4ba/sites 
[debug] [2022-08-03T12:20:10.052Z] <<< [apiv2][status] GET https://firebasehosting.googleapis.com/v1beta1/projects/clone-7f4ba/sites 200
[debug] [2022-08-03T12:20:10.053Z] <<< [apiv2][body] GET https://firebasehosting.googleapis.com/v1beta1/projects/clone-7f4ba/sites {"sites":[{"name":"projects/clone-7f4ba/sites/clone-7f4ba","defaultUrl":"https://clone-7f4ba.web.app","appId":"1:451453155662:web:b8ef431ec51f46eb56061f","type":"DEFAULT_SITE"}]}
[debug] [2022-08-03T12:20:10.053Z] >>> [apiv2][query] GET https://firebase.googleapis.com/v1beta1/projects/clone-7f4ba/webApps/1:451453155662:web:b8ef431ec51f46eb56061f/config [none]
[debug] [2022-08-03T12:20:11.363Z] <<< [apiv2][status] GET https://firebase.googleapis.com/v1beta1/projects/clone-7f4ba/webApps/1:451453155662:web:b8ef431ec51f46eb56061f/config 200
[debug] [2022-08-03T12:20:11.363Z] <<< [apiv2][body] GET https://firebase.googleapis.com/v1beta1/projects/clone-7f4ba/webApps/1:451453155662:web:b8ef431ec51f46eb56061f/config {"projectId":"clone-7f4ba","appId":"1:451453155662:web:b8ef431ec51f46eb56061f","storageBucket":"clone-7f4ba.appspot.com","locationId":"us-central","apiKey":"AIzaSyDXsPOF9cV454mlRo8wFPpLeewVsMjpato","authDomain":"clone-7f4ba.firebaseapp.com","messagingSenderId":"451453155662","measurementId":"G-LCQJ3ZHEJ5"}
[info] i  hosting: Serving hosting files from: build {"metadata":{"emulator":{"name":"hosting"},"message":"Serving hosting files from: \u001b[1mbuild\u001b[22m"}}
[info] +  hosting: Local server: http://localhost:5000 {"metadata":{"emulator":{"name":"hosting"},"message":"Local server: \u001b[4m\u001b[1mhttp://localhost:5000\u001b[22m\u001b[24m"}}
[debug] [2022-08-03T12:20:11.397Z] Ignoring unsupported arg: auto_download {"metadata":{"emulator":{"name":"ui"},"message":"Ignoring unsupported arg: auto_download"}}
[debug] [2022-08-03T12:20:11.397Z] Ignoring unsupported arg: port {"metadata":{"emulator":{"name":"ui"},"message":"Ignoring unsupported arg: port"}}
[debug] [2022-08-03T12:20:11.397Z] Starting Emulator UI with command {"binary":"node","args":["C:\\Users\\ronyr\\.cache\\firebase\\emulators\\ui-v1.8.1\\server\\server.js"],"optionalArgs":[],"joinArgs":false} {"metadata":{"emulator":{"name":"ui"},"message":"Starting Emulator UI with command {\"binary\":\"node\",\"args\":[\"C:\\\\Users\\\\ronyr\\\\.cache\\\\firebase\\\\emulators\\\\ui-v1.8.1\\\\server\\\\server.js\"],\"optionalArgs\":[],\"joinArgs\":false}"}}
[info] i  ui: Emulator UI logging to ui-debug.log {"metadata":{"emulator":{"name":"ui"},"message":"Emulator UI logging to \u001b[1mui-debug.log\u001b[22m"}}
[debug] [2022-08-03T12:20:11.540Z] Web / API server started at localhost:4000
 {"metadata":{"emulator":{"name":"ui"},"message":"Web / API server started at localhost:4000\n"}}
[info] i  functions: Watching "C:\Users\ronyr\Documents\amazon-clone\amazon-clone-app\functions" for Cloud Functions... {"metadata":{"emulator":{"name":"functions"},"message":"Watching \"C:\\Users\\ronyr\\Documents\\amazon-clone\\amazon-clone-app\\functions\" for Cloud Functions..."}}
[debug] [2022-08-03T12:20:11.671Z] Validating nodejs source
[debug] [2022-08-03T12:20:13.854Z] > [functions] package.json contents: {
  "name": "functions",
  "description": "Cloud Functions for Firebase",
  "scripts": {
    "lint": "eslint .",
    "serve": "firebase emulators:start --only functions",
    "shell": "firebase functions:shell",
    "start": "npm run shell",
    "deploy": "firebase deploy --only functions",
    "logs": "firebase functions:log"
  },
  "engines": {
    "node": "16"
  },
  "main": "index.js",
  "dependencies": {
    "cors": "^2.8.5",
    "express": "^4.18.1",
    "firebase-admin": "^10.0.2",
    "firebase-functions": "^3.18.0",
    "stripe": "^9.15.0"
  },
  "devDependencies": {
    "eslint": "^8.9.0",
    "eslint-config-google": "^0.14.0",
    "firebase-functions-test": "^0.2.0"
  },
  "private": true
}
[debug] [2022-08-03T12:20:13.855Z] Building nodejs source
[debug] [2022-08-03T12:20:13.855Z] Analyzing nodejs backend spec
[debug] [2022-08-03T12:20:13.855Z] Could not find functions.yaml. Must use http discovery
[debug] [2022-08-03T12:20:14.159Z] Serving at port 9005

[debug] [2022-08-03T12:20:14.228Z] [work-queue] {"queueLength":1,"workRunningCount":0}
[debug] [2022-08-03T12:20:14.228Z] [work-queue] {"queueLength":0,"workRunningCount":1}
[debug] [2022-08-03T12:20:14.231Z] [work-queue] {"queueLength":0,"workRunningCount":0}
[debug] [2022-08-03T12:20:14.295Z] Functions emulator received unknown request at path /favicon.ico
[debug] [2022-08-03T12:20:14.397Z] Got response from /__/functions.yaml {"endpoints":{"api":{"platform":"gcfv1","httpsTrigger":{},"entryPoint":"api"}},"specVersion":"v1alpha1","requiredAPIs":[]}
[debug] [2022-08-03T12:20:14.406Z] shutdown requested via /__/quitquitquit

[info] +  functions[us-central1-api]: http function initialized (http://localhost:5001/clone-7f4ba/us-central1/api). {"metadata":{"emulator":{"name":"functions"},"message":"\u001b[1mhttp\u001b[22m function initialized (http://localhost:5001/clone-7f4ba/us-central1/api)."}}
[info] 
┌─────────────────────────────────────────────────────────────┐
│ ✔  All emulators ready! It is now safe to connect your app. │
│ i  View Emulator UI at http://localhost:4000                │
└─────────────────────────────────────────────────────────────┘

┌───────────┬────────────────┬─────────────────────────────────┐
│ Emulator  │ Host:Port      │ View in Emulator UI             │
├───────────┼────────────────┼─────────────────────────────────┤
│ Functions │ localhost:5001 │ http://localhost:4000/functions │
├───────────┼────────────────┼─────────────────────────────────┤
│ Hosting   │ localhost:5000 │ n/a                             │
└───────────┴────────────────┴─────────────────────────────────┘
  Emulator Hub running at localhost:4400
  Other reserved ports: 4500

Issues? Report them at https://github.com/firebase/firebase-tools/issues and attach the *-debug.log files.
 
[debug] [2022-08-03T12:20:45.197Z] [work-queue] {"queueLength":1,"workRunningCount":0}
[debug] [2022-08-03T12:20:45.197Z] [work-queue] {"queueLength":0,"workRunningCount":1}
[debug] [2022-08-03T12:20:45.197Z] Accepted request POST /clone-7f4ba/us-central1/api/payments/create?total=2999 --> us-central1-api
[debug] [2022-08-03T12:20:45.207Z] [worker-pool] addWorker(us-central1-api) {"metadata":{"emulator":{"name":"functions"},"message":"[worker-pool] addWorker(us-central1-api)"}}
[debug] [2022-08-03T12:20:45.207Z] [worker-pool] Adding worker with key us-central1-api, total=1 {"metadata":{"emulator":{"name":"functions"},"message":"[worker-pool] Adding worker with key us-central1-api, total=1"}}
[debug] [2022-08-03T12:20:45.207Z] [worker-pool] submitWork(triggerId=us-central1-api) {"metadata":{"emulator":{"name":"functions"},"message":"[worker-pool] submitWork(triggerId=us-central1-api)"}}
[debug] [2022-08-03T12:20:45.208Z] [worker-us-central1-api-801edc68-6291-4fca-816f-379fbf69ffc2]: BUSY {"metadata":{"emulator":{"name":"functions"},"message":"[worker-us-central1-api-801edc68-6291-4fca-816f-379fbf69ffc2]: BUSY"}}
[debug] [2022-08-03T12:20:45.213Z] [work-queue] {"queueLength":1,"workRunningCount":1}
[debug] [2022-08-03T12:20:45.213Z] [work-queue] {"queueLength":0,"workRunningCount":2}
[debug] [2022-08-03T12:20:45.213Z] Accepted request POST /clone-7f4ba/us-central1/api/payments/create?total=2999 --> us-central1-api
[debug] [2022-08-03T12:20:45.220Z] [worker-pool] addWorker(us-central1-api) {"metadata":{"emulator":{"name":"functions"},"message":"[worker-pool] addWorker(us-central1-api)"}}
[debug] [2022-08-03T12:20:45.220Z] [worker-pool] Adding worker with key us-central1-api, total=2 {"metadata":{"emulator":{"name":"functions"},"message":"[worker-pool] Adding worker with key us-central1-api, total=2"}}
[debug] [2022-08-03T12:20:45.221Z] [worker-pool] submitWork(triggerId=us-central1-api) {"metadata":{"emulator":{"name":"functions"},"message":"[worker-pool] submitWork(triggerId=us-central1-api)"}}
[debug] [2022-08-03T12:20:45.221Z] [worker-us-central1-api-c1e7a2a1-726d-4bf1-ad20-d0ec4d2d310f]: BUSY {"metadata":{"emulator":{"name":"functions"},"message":"[worker-us-central1-api-c1e7a2a1-726d-4bf1-ad20-d0ec4d2d310f]: BUSY"}}
[debug] [2022-08-03T12:20:46.281Z] [runtime-status] [4416] Resolved module firebase-admin {"declared":true,"installed":true,"version":"10.3.0","resolution":"C:\\Users\\ronyr\\Documents\\amazon-clone\\amazon-clone-app\\functions\\node_modules\\firebase-admin\\lib\\index.js"} {"metadata":{"emulator":{"name":"functions"},"function":{"name":"us-central1-api"},"extension":{},"message":"[runtime-status] [4416] Resolved module firebase-admin {\"declared\":true,\"installed\":true,\"version\":\"10.3.0\",\"resolution\":\"C:\\\\Users\\\\ronyr\\\\Documents\\\\amazon-clone\\\\amazon-clone-app\\\\functions\\\\node_modules\\\\firebase-admin\\\\lib\\\\index.js\"}"}}
[debug] [2022-08-03T12:20:46.282Z] [runtime-status] [4416] Resolved module firebase-functions {"declared":true,"installed":true,"version":"3.22.0","resolution":"C:\\Users\\ronyr\\Documents\\amazon-clone\\amazon-clone-app\\functions\\node_modules\\firebase-functions\\lib\\index.js"} {"metadata":{"emulator":{"name":"functions"},"function":{"name":"us-central1-api"},"extension":{},"message":"[runtime-status] [4416] Resolved module firebase-functions {\"declared\":true,\"installed\":true,\"version\":\"3.22.0\",\"resolution\":\"C:\\\\Users\\\\ronyr\\\\Documents\\\\amazon-clone\\\\amazon-clone-app\\\\functions\\\\node_modules\\\\firebase-functions\\\\lib\\\\index.js\"}"}}
[debug] [2022-08-03T12:20:46.283Z] [runtime-status] [4416] Outgoing network have been stubbed. [{"name":"http","status":"mocked"},{"name":"http","status":"mocked"},{"name":"https","status":"mocked"},{"name":"https","status":"mocked"},{"name":"net","status":"mocked"}] {"metadata":{"emulator":{"name":"functions"},"function":{"name":"us-central1-api"},"extension":{},"message":"[runtime-status] [4416] Outgoing network have been stubbed. [{\"name\":\"http\",\"status\":\"mocked\"},{\"name\":\"http\",\"status\":\"mocked\"},{\"name\":\"https\",\"status\":\"mocked\"},{\"name\":\"https\",\"status\":\"mocked\"},{\"name\":\"net\",\"status\":\"mocked\"}]"}}
[debug] [2022-08-03T12:20:46.283Z] [runtime-status] [3908] Resolved module firebase-admin {"declared":true,"installed":true,"version":"10.3.0","resolution":"C:\\Users\\ronyr\\Documents\\amazon-clone\\amazon-clone-app\\functions\\node_modules\\firebase-admin\\lib\\index.js"} {"metadata":{"emulator":{"name":"functions"},"function":{"name":"us-central1-api"},"extension":{},"message":"[runtime-status] [3908] Resolved module firebase-admin {\"declared\":true,\"installed\":true,\"version\":\"10.3.0\",\"resolution\":\"C:\\\\Users\\\\ronyr\\\\Documents\\\\amazon-clone\\\\amazon-clone-app\\\\functions\\\\node_modules\\\\firebase-admin\\\\lib\\\\index.js\"}"}}
[debug] [2022-08-03T12:20:46.283Z] [runtime-status] [4416] Resolved module firebase-functions {"declared":true,"installed":true,"version":"3.22.0","resolution":"C:\\Users\\ronyr\\Documents\\amazon-clone\\amazon-clone-app\\functions\\node_modules\\firebase-functions\\lib\\index.js"} {"metadata":{"emulator":{"name":"functions"},"function":{"name":"us-central1-api"},"extension":{},"message":"[runtime-status] [4416] Resolved module firebase-functions {\"declared\":true,\"installed\":true,\"version\":\"3.22.0\",\"resolution\":\"C:\\\\Users\\\\ronyr\\\\Documents\\\\amazon-clone\\\\amazon-clone-app\\\\functions\\\\node_modules\\\\firebase-functions\\\\lib\\\\index.js\"}"}}
[debug] [2022-08-03T12:20:46.284Z] [runtime-status] [3908] Resolved module firebase-functions {"declared":true,"installed":true,"version":"3.22.0","resolution":"C:\\Users\\ronyr\\Documents\\amazon-clone\\amazon-clone-app\\functions\\node_modules\\firebase-functions\\lib\\index.js"} {"metadata":{"emulator":{"name":"functions"},"function":{"name":"us-central1-api"},"extension":{},"message":"[runtime-status] [3908] Resolved module firebase-functions {\"declared\":true,\"installed\":true,\"version\":\"3.22.0\",\"resolution\":\"C:\\\\Users\\\\ronyr\\\\Documents\\\\amazon-clone\\\\amazon-clone-app\\\\functions\\\\node_modules\\\\firebase-functions\\\\lib\\\\index.js\"}"}}
[debug] [2022-08-03T12:20:46.285Z] [runtime-status] [3908] Outgoing network have been stubbed. [{"name":"http","status":"mocked"},{"name":"http","status":"mocked"},{"name":"https","status":"mocked"},{"name":"https","status":"mocked"},{"name":"net","status":"mocked"}] {"metadata":{"emulator":{"name":"functions"},"function":{"name":"us-central1-api"},"extension":{},"message":"[runtime-status] [3908] Outgoing network have been stubbed. [{\"name\":\"http\",\"status\":\"mocked\"},{\"name\":\"http\",\"status\":\"mocked\"},{\"name\":\"https\",\"status\":\"mocked\"},{\"name\":\"https\",\"status\":\"mocked\"},{\"name\":\"net\",\"status\":\"mocked\"}]"}}
[debug] [2022-08-03T12:20:46.285Z] [runtime-status] [3908] Resolved module firebase-functions {"declared":true,"installed":true,"version":"3.22.0","resolution":"C:\\Users\\ronyr\\Documents\\amazon-clone\\amazon-clone-app\\functions\\node_modules\\firebase-functions\\lib\\index.js"} {"metadata":{"emulator":{"name":"functions"},"function":{"name":"us-central1-api"},"extension":{},"message":"[runtime-status] [3908] Resolved module firebase-functions {\"declared\":true,\"installed\":true,\"version\":\"3.22.0\",\"resolution\":\"C:\\\\Users\\\\ronyr\\\\Documents\\\\amazon-clone\\\\amazon-clone-app\\\\functions\\\\node_modules\\\\firebase-functions\\\\lib\\\\index.js\"}"}}
[debug] [2022-08-03T12:20:46.320Z] [runtime-status] [4416] Checked functions.config() {"config":{}} {"metadata":{"emulator":{"name":"functions"},"function":{"name":"us-central1-api"},"extension":{},"message":"[runtime-status] [4416] Checked functions.config() {\"config\":{}}"}}
[debug] [2022-08-03T12:20:46.321Z] [runtime-status] [4416] firebase-functions has been stubbed. {"functionsResolution":{"declared":true,"installed":true,"version":"3.22.0","resolution":"C:\\Users\\ronyr\\Documents\\amazon-clone\\amazon-clone-app\\functions\\node_modules\\firebase-functions\\lib\\index.js"}} {"metadata":{"emulator":{"name":"functions"},"function":{"name":"us-central1-api"},"extension":{},"message":"[runtime-status] [4416] firebase-functions has been stubbed. {\"functionsResolution\":{\"declared\":true,\"installed\":true,\"version\":\"3.22.0\",\"resolution\":\"C:\\\\Users\\\\ronyr\\\\Documents\\\\amazon-clone\\\\amazon-clone-app\\\\functions\\\\node_modules\\\\firebase-functions\\\\lib\\\\index.js\"}}"}}
[debug] [2022-08-03T12:20:46.321Z] [runtime-status] [4416] Resolved module firebase-functions {"declared":true,"installed":true,"version":"3.22.0","resolution":"C:\\Users\\ronyr\\Documents\\amazon-clone\\amazon-clone-app\\functions\\node_modules\\firebase-functions\\lib\\index.js"} {"metadata":{"emulator":{"name":"functions"},"function":{"name":"us-central1-api"},"extension":{},"message":"[runtime-status] [4416] Resolved module firebase-functions {\"declared\":true,\"installed\":true,\"version\":\"3.22.0\",\"resolution\":\"C:\\\\Users\\\\ronyr\\\\Documents\\\\amazon-clone\\\\amazon-clone-app\\\\functions\\\\node_modules\\\\firebase-functions\\\\lib\\\\index.js\"}"}}
[debug] [2022-08-03T12:20:46.323Z] [runtime-status] [3908] Checked functions.config() {"config":{}} {"metadata":{"emulator":{"name":"functions"},"function":{"name":"us-central1-api"},"extension":{},"message":"[runtime-status] [3908] Checked functions.config() {\"config\":{}}"}}
[debug] [2022-08-03T12:20:46.323Z] [runtime-status] [4416] Resolved module firebase-admin {"declared":true,"installed":true,"version":"10.3.0","resolution":"C:\\Users\\ronyr\\Documents\\amazon-clone\\amazon-clone-app\\functions\\node_modules\\firebase-admin\\lib\\index.js"} {"metadata":{"emulator":{"name":"functions"},"function":{"name":"us-central1-api"},"extension":{},"message":"[runtime-status] [4416] Resolved module firebase-admin {\"declared\":true,\"installed\":true,\"version\":\"10.3.0\",\"resolution\":\"C:\\\\Users\\\\ronyr\\\\Documents\\\\amazon-clone\\\\amazon-clone-app\\\\functions\\\\node_modules\\\\firebase-admin\\\\lib\\\\index.js\"}"}}
[debug] [2022-08-03T12:20:46.323Z] [runtime-status] [3908] firebase-functions has been stubbed. {"functionsResolution":{"declared":true,"installed":true,"version":"3.22.0","resolution":"C:\\Users\\ronyr\\Documents\\amazon-clone\\amazon-clone-app\\functions\\node_modules\\firebase-functions\\lib\\index.js"}} {"metadata":{"emulator":{"name":"functions"},"function":{"name":"us-central1-api"},"extension":{},"message":"[runtime-status] [3908] firebase-functions has been stubbed. {\"functionsResolution\":{\"declared\":true,\"installed\":true,\"version\":\"3.22.0\",\"resolution\":\"C:\\\\Users\\\\ronyr\\\\Documents\\\\amazon-clone\\\\amazon-clone-app\\\\functions\\\\node_modules\\\\firebase-functions\\\\lib\\\\index.js\"}}"}}
[debug] [2022-08-03T12:20:46.323Z] [runtime-status] [4416] Resolved module firebase-functions {"declared":true,"installed":true,"version":"3.22.0","resolution":"C:\\Users\\ronyr\\Documents\\amazon-clone\\amazon-clone-app\\functions\\node_modules\\firebase-functions\\lib\\index.js"} {"metadata":{"emulator":{"name":"functions"},"function":{"name":"us-central1-api"},"extension":{},"message":"[runtime-status] [4416] Resolved module firebase-functions {\"declared\":true,\"installed\":true,\"version\":\"3.22.0\",\"resolution\":\"C:\\\\Users\\\\ronyr\\\\Documents\\\\amazon-clone\\\\amazon-clone-app\\\\functions\\\\node_modules\\\\firebase-functions\\\\lib\\\\index.js\"}"}}
[debug] [2022-08-03T12:20:46.323Z] [runtime-status] [4416] firebase-admin has been stubbed. {"adminResolution":{"declared":true,"installed":true,"version":"10.3.0","resolution":"C:\\Users\\ronyr\\Documents\\amazon-clone\\amazon-clone-app\\functions\\node_modules\\firebase-admin\\lib\\index.js"}} {"metadata":{"emulator":{"name":"functions"},"function":{"name":"us-central1-api"},"extension":{},"message":"[runtime-status] [4416] firebase-admin has been stubbed. {\"adminResolution\":{\"declared\":true,\"installed\":true,\"version\":\"10.3.0\",\"resolution\":\"C:\\\\Users\\\\ronyr\\\\Documents\\\\amazon-clone\\\\amazon-clone-app\\\\functions\\\\node_modules\\\\firebase-admin\\\\lib\\\\index.js\"}}"}}
[debug] [2022-08-03T12:20:46.323Z] [runtime-status] [4416] Functions runtime initialized. {"cwd":"C:\\Users\\ronyr\\Documents\\amazon-clone\\amazon-clone-app\\functions","node_version":"16.15.1"} {"metadata":{"emulator":{"name":"functions"},"function":{"name":"us-central1-api"},"extension":{},"message":"[runtime-status] [4416] Functions runtime initialized. {\"cwd\":\"C:\\\\Users\\\\ronyr\\\\Documents\\\\amazon-clone\\\\amazon-clone-app\\\\functions\",\"node_version\":\"16.15.1\"}"}}
[debug] [2022-08-03T12:20:46.323Z] [runtime-status] [3908] Resolved module firebase-functions {"declared":true,"installed":true,"version":"3.22.0","resolution":"C:\\Users\\ronyr\\Documents\\amazon-clone\\amazon-clone-app\\functions\\node_modules\\firebase-functions\\lib\\index.js"} {"metadata":{"emulator":{"name":"functions"},"function":{"name":"us-central1-api"},"extension":{},"message":"[runtime-status] [3908] Resolved module firebase-functions {\"declared\":true,\"installed\":true,\"version\":\"3.22.0\",\"resolution\":\"C:\\\\Users\\\\ronyr\\\\Documents\\\\amazon-clone\\\\amazon-clone-app\\\\functions\\\\node_modules\\\\firebase-functions\\\\lib\\\\index.js\"}"}}
[debug] [2022-08-03T12:20:46.324Z] [runtime-status] [3908] Resolved module firebase-admin {"declared":true,"installed":true,"version":"10.3.0","resolution":"C:\\Users\\ronyr\\Documents\\amazon-clone\\amazon-clone-app\\functions\\node_modules\\firebase-admin\\lib\\index.js"} {"metadata":{"emulator":{"name":"functions"},"function":{"name":"us-central1-api"},"extension":{},"message":"[runtime-status] [3908] Resolved module firebase-admin {\"declared\":true,\"installed\":true,\"version\":\"10.3.0\",\"resolution\":\"C:\\\\Users\\\\ronyr\\\\Documents\\\\amazon-clone\\\\amazon-clone-app\\\\functions\\\\node_modules\\\\firebase-admin\\\\lib\\\\index.js\"}"}}
[debug] [2022-08-03T12:20:46.325Z] [runtime-status] [3908] Resolved module firebase-functions {"declared":true,"installed":true,"version":"3.22.0","resolution":"C:\\Users\\ronyr\\Documents\\amazon-clone\\amazon-clone-app\\functions\\node_modules\\firebase-functions\\lib\\index.js"} {"metadata":{"emulator":{"name":"functions"},"function":{"name":"us-central1-api"},"extension":{},"message":"[runtime-status] [3908] Resolved module firebase-functions {\"declared\":true,\"installed\":true,\"version\":\"3.22.0\",\"resolution\":\"C:\\\\Users\\\\ronyr\\\\Documents\\\\amazon-clone\\\\amazon-clone-app\\\\functions\\\\node_modules\\\\firebase-functions\\\\lib\\\\index.js\"}"}}
[debug] [2022-08-03T12:20:46.325Z] [runtime-status] [3908] firebase-admin has been stubbed. {"adminResolution":{"declared":true,"installed":true,"version":"10.3.0","resolution":"C:\\Users\\ronyr\\Documents\\amazon-clone\\amazon-clone-app\\functions\\node_modules\\firebase-admin\\lib\\index.js"}} {"metadata":{"emulator":{"name":"functions"},"function":{"name":"us-central1-api"},"extension":{},"message":"[runtime-status] [3908] firebase-admin has been stubbed. {\"adminResolution\":{\"declared\":true,\"installed\":true,\"version\":\"10.3.0\",\"resolution\":\"C:\\\\Users\\\\ronyr\\\\Documents\\\\amazon-clone\\\\amazon-clone-app\\\\functions\\\\node_modules\\\\firebase-admin\\\\lib\\\\index.js\"}}"}}
[debug] [2022-08-03T12:20:46.325Z] [runtime-status] [3908] Functions runtime initialized. {"cwd":"C:\\Users\\ronyr\\Documents\\amazon-clone\\amazon-clone-app\\functions","node_version":"16.15.1"} {"metadata":{"emulator":{"name":"functions"},"function":{"name":"us-central1-api"},"extension":{},"message":"[runtime-status] [3908] Functions runtime initialized. {\"cwd\":\"C:\\\\Users\\\\ronyr\\\\Documents\\\\amazon-clone\\\\amazon-clone-app\\\\functions\",\"node_version\":\"16.15.1\"}"}}
[debug] [2022-08-03T12:20:46.459Z] [runtime-status] [4416] Beginning invocation function api! {"metadata":{"emulator":{"name":"functions"},"function":{"name":"us-central1-api"},"extension":{},"message":"[runtime-status] [4416] Beginning invocation function api!"}}
[info] i  functions: Beginning execution of "api" {"metadata":{"emulator":{"name":"functions"},"function":{"name":"us-central1-api"},"extension":{},"message":"Beginning execution of \"api\""}}
[debug] [2022-08-03T12:20:46.460Z] [runtime-status] [4416] Running api in signature http {"metadata":{"emulator":{"name":"functions"},"function":{"name":"us-central1-api"},"extension":{},"message":"[runtime-status] [4416] Running api in signature http"}}
[debug] [2022-08-03T12:20:46.462Z] [runtime-status] [3908] Beginning invocation function api! {"metadata":{"emulator":{"name":"functions"},"function":{"name":"us-central1-api"},"extension":{},"message":"[runtime-status] [3908] Beginning invocation function api!"}}
[info] i  functions: Beginning execution of "api" {"metadata":{"emulator":{"name":"functions"},"function":{"name":"us-central1-api"},"extension":{},"message":"Beginning execution of \"api\""}}
[debug] [2022-08-03T12:20:46.463Z] [runtime-status] [3908] Running api in signature http {"metadata":{"emulator":{"name":"functions"},"function":{"name":"us-central1-api"},"extension":{},"message":"[runtime-status] [3908] Running api in signature http"}}
[debug] [2022-08-03T12:20:46.465Z] [runtime-status] [4416] Listening to port: \\?\pipe\fire_emu_2f85d3c654235a71 {"metadata":{"emulator":{"name":"functions"},"function":{"name":"us-central1-api"},"extension":{},"message":"[runtime-status] [4416] Listening to port: \\\\?\\pipe\\fire_emu_2f85d3c654235a71"}}
[debug] [2022-08-03T12:20:46.469Z] [runtime-status] [3908] Listening to port: \\?\pipe\fire_emu_e90d45c8b03322ff {"metadata":{"emulator":{"name":"functions"},"function":{"name":"us-central1-api"},"extension":{},"message":"[runtime-status] [3908] Listening to port: \\\\?\\pipe\\fire_emu_e90d45c8b03322ff"}}
[debug] [2022-08-03T12:20:46.559Z] [functions] Runtime ready! Sending request! {"metadata":{"emulator":{"name":"functions"},"message":"[functions] Runtime ready! Sending request!"}}
[debug] [2022-08-03T12:20:46.560Z] [functions] Got req.url=/clone-7f4ba/us-central1/api/payments/create?total=2999, mapping to path=/payments/create?total=2999 {"metadata":{"emulator":{"name":"functions"},"message":"[functions] Got req.url=/clone-7f4ba/us-central1/api/payments/create?total=2999, mapping to path=/payments/create?total=2999"}}
[debug] [2022-08-03T12:20:46.563Z] [functions] Runtime ready! Sending request! {"metadata":{"emulator":{"name":"functions"},"message":"[functions] Runtime ready! Sending request!"}}
[debug] [2022-08-03T12:20:46.563Z] [functions] Got req.url=/clone-7f4ba/us-central1/api/payments/create?total=2999, mapping to path=/payments/create?total=2999 {"metadata":{"emulator":{"name":"functions"},"message":"[functions] Got req.url=/clone-7f4ba/us-central1/api/payments/create?total=2999, mapping to path=/payments/create?total=2999"}}
[debug] [2022-08-03T12:20:46.566Z] [runtime-status] [4416] Ephemeral server handling POST request {"metadata":{"emulator":{"name":"functions"},"function":{"name":"us-central1-api"},"extension":{},"message":"[runtime-status] [4416] Ephemeral server handling POST request"}}
[info] >  payment reques recieved Boom !!! for this amount >>> 2999 {"user":"payment reques recieved Boom !!! for this amount >>> 2999","metadata":{"emulator":{"name":"functions"},"function":{"name":"us-central1-api"},"extension":{},"message":"\u001b[90m> \u001b[39m payment reques recieved Boom !!! for this amount >>> 2999"}}
[debug] [2022-08-03T12:20:46.568Z] [runtime-status] [3908] Ephemeral server handling POST request {"metadata":{"emulator":{"name":"functions"},"function":{"name":"us-central1-api"},"extension":{},"message":"[runtime-status] [3908] Ephemeral server handling POST request"}}
[info] >  payment reques recieved Boom !!! for this amount >>> 2999 {"user":"payment reques recieved Boom !!! for this amount >>> 2999","metadata":{"emulator":{"name":"functions"},"function":{"name":"us-central1-api"},"extension":{},"message":"\u001b[90m> \u001b[39m payment reques recieved Boom !!! for this amount >>> 2999"}}
[debug] [2022-08-03T12:20:46.576Z] [runtime-status] [4416] Ephemeral server survived. {"metadata":{"emulator":{"name":"functions"},"function":{"name":"us-central1-api"},"extension":{},"message":"[runtime-status] [4416] Ephemeral server survived."}}
[debug] [2022-08-03T12:20:46.581Z] [runtime-status] [3908] Ephemeral server survived. {"metadata":{"emulator":{"name":"functions"},"function":{"name":"us-central1-api"},"extension":{},"message":"[runtime-status] [3908] Ephemeral server survived."}}
[info] i  functions: Finished "api" in ~1s {"metadata":{"emulator":{"name":"functions"},"function":{"name":"us-central1-api"},"extension":{},"message":"Finished \"api\" in ~1s"}}
[debug] [2022-08-03T12:20:47.316Z] [worker-us-central1-api-801edc68-6291-4fca-816f-379fbf69ffc2]: IDLE {"metadata":{"emulator":{"name":"functions"},"message":"[worker-us-central1-api-801edc68-6291-4fca-816f-379fbf69ffc2]: IDLE"}}
[debug] [2022-08-03T12:20:47.317Z] [work-queue] {"queueLength":0,"workRunningCount":1}
[info] i  functions: Finished "api" in ~1s {"metadata":{"emulator":{"name":"functions"},"function":{"name":"us-central1-api"},"extension":{},"message":"Finished \"api\" in ~1s"}}
[debug] [2022-08-03T12:20:47.361Z] [worker-us-central1-api-c1e7a2a1-726d-4bf1-ad20-d0ec4d2d310f]: IDLE {"metadata":{"emulator":{"name":"functions"},"message":"[worker-us-central1-api-c1e7a2a1-726d-4bf1-ad20-d0ec4d2d310f]: IDLE"}}
[debug] [2022-08-03T12:20:47.361Z] [work-queue] {"queueLength":0,"workRunningCount":0}
[debug] [2022-08-03T12:31:27.969Z] [work-queue] {"queueLength":1,"workRunningCount":0}
[debug] [2022-08-03T12:31:27.969Z] [work-queue] {"queueLength":0,"workRunningCount":1}
[debug] [2022-08-03T12:31:27.969Z] Accepted request POST /clone-7f4ba/us-central1/api/payments/create?total=8997 --> us-central1-api
[debug] [2022-08-03T12:31:27.970Z] [worker-pool] submitWork(triggerId=us-central1-api) {"metadata":{"emulator":{"name":"functions"},"message":"[worker-pool] submitWork(triggerId=us-central1-api)"}}
[debug] [2022-08-03T12:31:27.970Z] [worker-us-central1-api-801edc68-6291-4fca-816f-379fbf69ffc2]: BUSY {"metadata":{"emulator":{"name":"functions"},"message":"[worker-us-central1-api-801edc68-6291-4fca-816f-379fbf69ffc2]: BUSY"}}
[debug] [2022-08-03T12:31:27.970Z] [runtime-status] [4416] Beginning invocation function api! {"metadata":{"emulator":{"name":"functions"},"function":{"name":"us-central1-api"},"extension":{},"message":"[runtime-status] [4416] Beginning invocation function api!"}}
[info] i  functions: Beginning execution of "api" {"metadata":{"emulator":{"name":"functions"},"function":{"name":"us-central1-api"},"extension":{},"message":"Beginning execution of \"api\""}}
[debug] [2022-08-03T12:31:27.971Z] [runtime-status] [4416] Running api in signature http {"metadata":{"emulator":{"name":"functions"},"function":{"name":"us-central1-api"},"extension":{},"message":"[runtime-status] [4416] Running api in signature http"}}
[debug] [2022-08-03T12:31:27.971Z] [runtime-status] [4416] Listening to port: \\?\pipe\fire_emu_2f85d3c654235a71 {"metadata":{"emulator":{"name":"functions"},"function":{"name":"us-central1-api"},"extension":{},"message":"[runtime-status] [4416] Listening to port: \\\\?\\pipe\\fire_emu_2f85d3c654235a71"}}
[debug] [2022-08-03T12:31:28.090Z] [functions] Runtime ready! Sending request! {"metadata":{"emulator":{"name":"functions"},"message":"[functions] Runtime ready! Sending request!"}}
[debug] [2022-08-03T12:31:28.090Z] [functions] Got req.url=/clone-7f4ba/us-central1/api/payments/create?total=8997, mapping to path=/payments/create?total=8997 {"metadata":{"emulator":{"name":"functions"},"message":"[functions] Got req.url=/clone-7f4ba/us-central1/api/payments/create?total=8997, mapping to path=/payments/create?total=8997"}}
[debug] [2022-08-03T12:31:28.091Z] [runtime-status] [4416] Ephemeral server handling POST request {"metadata":{"emulator":{"name":"functions"},"function":{"name":"us-central1-api"},"extension":{},"message":"[runtime-status] [4416] Ephemeral server handling POST request"}}
[info] >  payment reques recieved Boom !!! for this amount >>> 8997 {"user":"payment reques recieved Boom !!! for this amount >>> 8997","metadata":{"emulator":{"name":"functions"},"function":{"name":"us-central1-api"},"extension":{},"message":"\u001b[90m> \u001b[39m payment reques recieved Boom !!! for this amount >>> 8997"}}
[debug] [2022-08-03T12:31:28.093Z] [runtime-status] [4416] Ephemeral server survived. {"metadata":{"emulator":{"name":"functions"},"function":{"name":"us-central1-api"},"extension":{},"message":"[runtime-status] [4416] Ephemeral server survived."}}
[info] i  functions: Finished "api" in ~1s {"metadata":{"emulator":{"name":"functions"},"function":{"name":"us-central1-api"},"extension":{},"message":"Finished \"api\" in ~1s"}}
[debug] [2022-08-03T12:31:28.714Z] [worker-us-central1-api-801edc68-6291-4fca-816f-379fbf69ffc2]: IDLE {"metadata":{"emulator":{"name":"functions"},"message":"[worker-us-central1-api-801edc68-6291-4fca-816f-379fbf69ffc2]: IDLE"}}
[debug] [2022-08-03T12:31:28.715Z] [work-queue] {"queueLength":0,"workRunningCount":0}
[debug] [2022-08-03T12:32:17.185Z] [work-queue] {"queueLength":1,"workRunningCount":0}
[debug] [2022-08-03T12:32:17.185Z] [work-queue] {"queueLength":0,"workRunningCount":1}
[debug] [2022-08-03T12:32:17.185Z] Accepted request POST /clone-7f4ba/us-central1/api/payments/create?total=2999 --> us-central1-api
[debug] [2022-08-03T12:32:17.185Z] [worker-pool] submitWork(triggerId=us-central1-api) {"metadata":{"emulator":{"name":"functions"},"message":"[worker-pool] submitWork(triggerId=us-central1-api)"}}
[debug] [2022-08-03T12:32:17.185Z] [worker-us-central1-api-801edc68-6291-4fca-816f-379fbf69ffc2]: BUSY {"metadata":{"emulator":{"name":"functions"},"message":"[worker-us-central1-api-801edc68-6291-4fca-816f-379fbf69ffc2]: BUSY"}}
[debug] [2022-08-03T12:32:17.186Z] [runtime-status] [4416] Beginning invocation function api! {"metadata":{"emulator":{"name":"functions"},"function":{"name":"us-central1-api"},"extension":{},"message":"[runtime-status] [4416] Beginning invocation function api!"}}
[info] i  functions: Beginning execution of "api" {"metadata":{"emulator":{"name":"functions"},"function":{"name":"us-central1-api"},"extension":{},"message":"Beginning execution of \"api\""}}
[debug] [2022-08-03T12:32:17.187Z] [runtime-status] [4416] Running api in signature http {"metadata":{"emulator":{"name":"functions"},"function":{"name":"us-central1-api"},"extension":{},"message":"[runtime-status] [4416] Running api in signature http"}}
[debug] [2022-08-03T12:32:17.187Z] [runtime-status] [4416] Listening to port: \\?\pipe\fire_emu_2f85d3c654235a71 {"metadata":{"emulator":{"name":"functions"},"function":{"name":"us-central1-api"},"extension":{},"message":"[runtime-status] [4416] Listening to port: \\\\?\\pipe\\fire_emu_2f85d3c654235a71"}}
[debug] [2022-08-03T12:32:17.300Z] [functions] Runtime ready! Sending request! {"metadata":{"emulator":{"name":"functions"},"message":"[functions] Runtime ready! Sending request!"}}
[debug] [2022-08-03T12:32:17.301Z] [functions] Got req.url=/clone-7f4ba/us-central1/api/payments/create?total=2999, mapping to path=/payments/create?total=2999 {"metadata":{"emulator":{"name":"functions"},"message":"[functions] Got req.url=/clone-7f4ba/us-central1/api/payments/create?total=2999, mapping to path=/payments/create?total=2999"}}
[debug] [2022-08-03T12:32:17.302Z] [runtime-status] [4416] Ephemeral server handling POST request {"metadata":{"emulator":{"name":"functions"},"function":{"name":"us-central1-api"},"extension":{},"message":"[runtime-status] [4416] Ephemeral server handling POST request"}}
[info] >  payment reques recieved Boom !!! for this amount >>> 2999 {"user":"payment reques recieved Boom !!! for this amount >>> 2999","metadata":{"emulator":{"name":"functions"},"function":{"name":"us-central1-api"},"extension":{},"message":"\u001b[90m> \u001b[39m payment reques recieved Boom !!! for this amount >>> 2999"}}
[debug] [2022-08-03T12:32:17.303Z] [runtime-status] [4416] Ephemeral server survived. {"metadata":{"emulator":{"name":"functions"},"function":{"name":"us-central1-api"},"extension":{},"message":"[runtime-status] [4416] Ephemeral server survived."}}
[info] i  functions: Finished "api" in ~1s {"metadata":{"emulator":{"name":"functions"},"function":{"name":"us-central1-api"},"extension":{},"message":"Finished \"api\" in ~1s"}}
[debug] [2022-08-03T12:32:17.740Z] [worker-us-central1-api-801edc68-6291-4fca-816f-379fbf69ffc2]: IDLE {"metadata":{"emulator":{"name":"functions"},"message":"[worker-us-central1-api-801edc68-6291-4fca-816f-379fbf69ffc2]: IDLE"}}
[debug] [2022-08-03T12:32:17.740Z] [work-queue] {"queueLength":0,"workRunningCount":0}
[debug] [2022-08-03T12:33:42.875Z] [work-queue] {"queueLength":1,"workRunningCount":0}
[debug] [2022-08-03T12:33:42.875Z] [work-queue] {"queueLength":0,"workRunningCount":1}
[debug] [2022-08-03T12:33:42.876Z] Accepted request POST /clone-7f4ba/us-central1/api/payments/create?total=2999 --> us-central1-api
[debug] [2022-08-03T12:33:42.876Z] [worker-pool] submitWork(triggerId=us-central1-api) {"metadata":{"emulator":{"name":"functions"},"message":"[worker-pool] submitWork(triggerId=us-central1-api)"}}
[debug] [2022-08-03T12:33:42.876Z] [worker-us-central1-api-801edc68-6291-4fca-816f-379fbf69ffc2]: BUSY {"metadata":{"emulator":{"name":"functions"},"message":"[worker-us-central1-api-801edc68-6291-4fca-816f-379fbf69ffc2]: BUSY"}}
[debug] [2022-08-03T12:33:42.879Z] [runtime-status] [4416] Beginning invocation function api! {"metadata":{"emulator":{"name":"functions"},"function":{"name":"us-central1-api"},"extension":{},"message":"[runtime-status] [4416] Beginning invocation function api!"}}
[info] i  functions: Beginning execution of "api" {"metadata":{"emulator":{"name":"functions"},"function":{"name":"us-central1-api"},"extension":{},"message":"Beginning execution of \"api\""}}
[debug] [2022-08-03T12:33:42.882Z] [runtime-status] [4416] Running api in signature http {"metadata":{"emulator":{"name":"functions"},"function":{"name":"us-central1-api"},"extension":{},"message":"[runtime-status] [4416] Running api in signature http"}}
[debug] [2022-08-03T12:33:42.884Z] [runtime-status] [4416] Listening to port: \\?\pipe\fire_emu_2f85d3c654235a71 {"metadata":{"emulator":{"name":"functions"},"function":{"name":"us-central1-api"},"extension":{},"message":"[runtime-status] [4416] Listening to port: \\\\?\\pipe\\fire_emu_2f85d3c654235a71"}}
[debug] [2022-08-03T12:33:42.985Z] [functions] Runtime ready! Sending request! {"metadata":{"emulator":{"name":"functions"},"message":"[functions] Runtime ready! Sending request!"}}
[debug] [2022-08-03T12:33:42.986Z] [functions] Got req.url=/clone-7f4ba/us-central1/api/payments/create?total=2999, mapping to path=/payments/create?total=2999 {"metadata":{"emulator":{"name":"functions"},"message":"[functions] Got req.url=/clone-7f4ba/us-central1/api/payments/create?total=2999, mapping to path=/payments/create?total=2999"}}
[debug] [2022-08-03T12:33:42.988Z] [runtime-status] [4416] Ephemeral server handling POST request {"metadata":{"emulator":{"name":"functions"},"function":{"name":"us-central1-api"},"extension":{},"message":"[runtime-status] [4416] Ephemeral server handling POST request"}}
[info] >  payment reques recieved Boom !!! for this amount >>> 2999 {"user":"payment reques recieved Boom !!! for this amount >>> 2999","metadata":{"emulator":{"name":"functions"},"function":{"name":"us-central1-api"},"extension":{},"message":"\u001b[90m> \u001b[39m payment reques recieved Boom !!! for this amount >>> 2999"}}
[debug] [2022-08-03T12:33:42.990Z] [runtime-status] [4416] Ephemeral server survived. {"metadata":{"emulator":{"name":"functions"},"function":{"name":"us-central1-api"},"extension":{},"message":"[runtime-status] [4416] Ephemeral server survived."}}
[info] i  functions: Finished "api" in ~1s {"metadata":{"emulator":{"name":"functions"},"function":{"name":"us-central1-api"},"extension":{},"message":"Finished \"api\" in ~1s"}}
[debug] [2022-08-03T12:33:43.744Z] [worker-us-central1-api-801edc68-6291-4fca-816f-379fbf69ffc2]: IDLE {"metadata":{"emulator":{"name":"functions"},"message":"[worker-us-central1-api-801edc68-6291-4fca-816f-379fbf69ffc2]: IDLE"}}
[debug] [2022-08-03T12:33:43.744Z] [work-queue] {"queueLength":0,"workRunningCount":0}
